proguard-goalninja.txt
# To enable ProGuard in your project, edit project.properties
# to define the proguard.config property as described in that file.
#
# Add project specific ProGuard rules here.
# By default, the flags in this file are appended to flags specified
# in ${sdk.dir}/tools/proguard/proguard-android.txt
# You can edit the include path and order by changing the ProGuard
# include property in project.properties.
#
# For more details, see
#   http://developer.android.com/guide/developing/tools/proguard.html

# Add any project specific keep options here:

# If your project uses WebView with JS, uncomment the following
# and specify the fully qualified class name to the JavaScript interface
# class:
#-keepclassmembers class fqcn.of.javascript.interface.for.webview {
#   public *;
#}

-verbose

-keep public class * extends android.app.Activity
-keep public class * extends android.app.Application
-keep public class * extends android.app.Service
-keep public class * extends android.content.BroadcastReceiver
-keep public class * extends android.content.ContentProvider
-keep public class * extends android.preference.Preference
-keep public class * extends android.view.View {
	public <init>(android.content.Context);
	public <init>(android.content.Context, android.util.AttributeSet);
	public <init>(android.content.Context, android.util.AttributeSet, int);
}
-keepclasseswithmembers class * {
	native <methods>;
}
-keepclasseswithmembers class * {
	public <init>(android.content.Context, android.util.AttributeSet);
}
-keepclasseswithmembers class * {
	public <init>(android.content.Context, android.util.AttributeSet, int);
}	
-keepclasseswithmembers class * extends android.content.Context {
	public void *(android.view.View);
	public void *(android.view.MenuItem);
}
-keepclassmembers enum * {
	public static **[] values();
	public static ** valueOf(java.lang.String);
}

# Library projects
-dontwarn com.viewpagerindicator.**
-keep class com.viewpagerindicator.** {*;}
-keep interface com.viewpagerindicator.** {*;}

-dontwarn com.parse.**
-dontwarn bolts.**
-keep class com.parse.** {*;}
-keep class bolts.** {*;}
-libraryjars \libs\Parse-1.8.0.jar
-libraryjars \libs\bolts-android-1.1.4.jar
-libraryjars \libs\ParseCrashReporting-1.8.0.jar

-libraryjars \libs\android-support-v4.jar
-keep class android.support.v4.** {*;}
-keep class android.support.annotation