proguard/seeds.txt
com.goalninja.android.AlarmReceiver
com.goalninja.android.AlarmReceiver: AlarmReceiver()
com.goalninja.android.AlarmService
com.goalninja.android.AlarmService: AlarmService()
com.goalninja.android.ArchivedGoal
com.goalninja.android.ArchivedGoal: ArchivedGoal()
com.goalninja.android.Archives
com.goalninja.android.Archives: Archives()
com.goalninja.android.EditGoal
com.goalninja.android.EditGoal: EditGoal()
com.goalninja.android.MainActivity
com.goalninja.android.MainActivity: MainActivity()
com.goalninja.android.MyApplication
com.goalninja.android.MyApplication: MyApplication()
com.goalninja.android.NewGoal
com.goalninja.android.NewGoal: NewGoal()
com.goalninja.android.R$array: int categories
com.goalninja.android.R$array: int complete_date_dropdown
com.goalninja.android.R$array: int freq_day_dropdown
com.goalninja.android.R$array: int freq_time_dropdown
com.goalninja.android.R$array: int navigation_items
com.goalninja.android.R$array: int start_goal_dropdown
com.goalninja.android.R$attr: int centered
com.goalninja.android.R$attr: int clipPadding
com.goalninja.android.R$attr: int fadeDelay
com.goalninja.android.R$attr: int fadeLength
com.goalninja.android.R$attr: int fades
com.goalninja.android.R$attr: int fillColor
com.goalninja.android.R$attr: int footerColor
com.goalninja.android.R$attr: int footerIndicatorHeight
com.goalninja.android.R$attr: int footerIndicatorStyle
com.goalninja.android.R$attr: int footerIndicatorUnderlinePadding
com.goalninja.android.R$attr: int footerLineHeight
com.goalninja.android.R$attr: int footerPadding
com.goalninja.android.R$attr: int gapWidth
com.goalninja.android.R$attr: int linePosition
com.goalninja.android.R$attr: int lineWidth
com.goalninja.android.R$attr: int pageColor
com.goalninja.android.R$attr: int radius
com.goalninja.android.R$attr: int selectedBold
com.goalninja.android.R$attr: int selectedColor
com.goalninja.android.R$attr: int snap
com.goalninja.android.R$attr: int strokeColor
com.goalninja.android.R$attr: int strokeWidth
com.goalninja.android.R$attr: int titlePadding
com.goalninja.android.R$attr: int topPadding
com.goalninja.android.R$attr: int unselectedColor
com.goalninja.android.R$attr: int vpiCirclePageIndicatorStyle
com.goalninja.android.R$attr: int vpiIconPageIndicatorStyle
com.goalninja.android.R$attr: int vpiLinePageIndicatorStyle
com.goalninja.android.R$attr: int vpiTabPageIndicatorStyle
com.goalninja.android.R$attr: int vpiTitlePageIndicatorStyle
com.goalninja.android.R$bool: int default_circle_indicator_centered
com.goalninja.android.R$bool: int default_circle_indicator_snap
com.goalninja.android.R$bool: int default_line_indicator_centered
com.goalninja.android.R$bool: int default_title_indicator_selected_bold
com.goalninja.android.R$bool: int default_underline_indicator_fades
...
com.parse.ParseSQLiteDatabase$4
com.parse.ParseSQLiteDatabase$4: com.parse.ParseSQLiteDatabase this$0
com.parse.ParseSQLiteDatabase$4: ParseSQLiteDatabase$4(com.parse.ParseSQLiteDatabase)
com.parse.ParseSQLiteDatabase$4: bolts.Task then(bolts.Task)
com.parse.ParseSQLiteDatabase$4: java.lang.Object then(bolts.Task)
com.parse.ParseSQLiteDatabase$5
com.parse.ParseSQLiteDatabase$5: com.parse.ParseSQLiteDatabase this$0
com.parse.ParseSQLiteDatabase$5: ParseSQLiteDatabase$5(com.parse.ParseSQLiteDatabase)
com.parse.ParseSQLiteDatabase$5: bolts.Task then(bolts.Task)
com.parse.ParseSQLiteDatabase$5: java.lang.Object then(bolts.Task)
com.parse.ParseSQLiteDatabase$6
com.parse.ParseSQLiteDatabase$6: com.parse.ParseSQLiteDatabase this$0
com.parse.ParseSQLiteDatabase$6: ParseSQLiteDatabase$6(com.parse.ParseSQLiteDatabase)
com.parse.ParseSQLiteDatabase$6: bolts.Task then(bolts.Task)
com.parse.ParseSQLiteDatabase$6: java.lang.Object then(bolts.Task)
com.parse.ParseSQLiteDatabase$7
com.parse.ParseSQLiteDatabase$7: com.parse.ParseSQLiteDatabase this$0
com.parse.ParseSQLiteDatabase$7: ParseSQLiteDatabase$7(com.parse.ParseSQLiteDatabase)
com.parse.ParseSQLiteDatabase$7: bolts.Task then(bolts.Task)
com.parse.ParseSQLiteDatabase$7: java.lang.Object then(bolts.Task)
com.parse.ParseSQLiteDatabase$8
com.parse.ParseSQLiteDatabase$8: com.parse.ParseSQLiteDatabase this$0
com.parse.ParseSQLiteDatabase$8: ParseSQLiteDatabase$8(com.parse.ParseSQLiteDatabase)
com.parse.ParseSQLiteDatabase$8: bolts.Task then(bolts.Task)
com.parse.ParseSQLiteDatabase$8: java.lang.Object then(bolts.Task)
com.parse.ParseSQLiteDatabase$9
com.parse.ParseSQLiteDatabase$9: com.parse.ParseSQLiteDatabase this$0
com.parse.ParseSQLiteDatabase$9: ParseSQLiteDatabase$9(com.parse.ParseSQLiteDatabase)
com.parse.ParseSQLiteDatabase$9: bolts.Task then(bolts.Task)
com.parse.ParseSQLiteDatabase$9: java.lang.Object then(bolts.Task)
com.parse.ParseSQLiteOpenHelper
com.parse.ParseSQLiteOpenHelper: android.database.sqlite.SQLiteOpenHelper helper
com.parse.ParseSQLiteOpenHelper: ParseSQLiteOpenHelper(android.content.Context,java.lang.String,android.database.sqlite.SQLiteDatabase$CursorFactory,int)
com.parse.ParseSQLiteOpenHelper: ParseSQLiteOpenHelper(android.content.Context,java.lang.String,android.database.sqlite.SQLiteDatabase$CursorFactory,int,android.database.DatabaseErrorHandler)
com.parse.ParseSQLiteOpenHelper: java.lang.String getDatabaseName()
com.parse.ParseSQLiteOpenHelper: bolts.Task getReadableDatabaseAsync()
com.parse.ParseSQLiteOpenHelper: bolts.Task getWritableDatabaseAsync()
com.parse.ParseSQLiteOpenHelper: bolts.Task getDatabaseAsync(boolean)
com.parse.ParseSQLiteOpenHelper: void onConfigure(android.database.sqlite.SQLiteDatabase)
com.parse.ParseSQLiteOpenHelper: void onOpen(android.database.sqlite.SQLiteDatabase)
com.parse.ParseSQLiteOpenHelper: void onCreate(android.database.sqlite.SQLiteDatabase)
com.parse.ParseSQLiteOpenHelper: void onUpgrade(android.database.sqlite.SQLiteDatabase,int,int)
com.parse.ParseSQLiteOpenHelper: void onDowngrade(android.database.sqlite.SQLiteDatabase)
com.parse.ParseSQLiteOpenHelper: android.database.sqlite.SQLiteOpenHelper access$000(com.parse.ParseSQLiteOpenHelper)
com.parse.ParseSQLiteOpenHelper$1
com.parse.ParseSQLiteOpenHelper$1: com.parse.ParseSQLiteOpenHelper this$0
com.parse.ParseSQLiteOpenHelper$1: ParseSQLiteOpenHelper$1(com.parse.ParseSQLiteOpenHelper,android.content.Context,java.lang.String,android.database.sqlite.SQLiteDatabase$CursorFactory,int)
com.parse.ParseSQLiteOpenHelper$1: void onConfigure(android.database.sqlite.SQLiteDatabase)
com.parse.ParseSQLiteOpenHelper$1: void onOpen(android.database.sqlite.SQLiteDatabase)
com.parse.ParseSQLiteOpenHelper$1: void onCreate(android.database.sqlite.SQLiteDatabase)
com.parse.ParseSQLiteOpenHelper$1: void onUpgrade(android.database.sqlite.SQLiteDatabase,int,int)
com.parse.ParseSQLiteOpenHelper$1: void onDowngrade(android.database.sqlite.SQLiteDatabase,int,int)