proguard/mapping.txt
com.goalninja.android.AlarmReceiver -> com.goalninja.android.AlarmReceiver:
    void onReceive(android.content.Context,android.content.Intent) -> onReceive
com.goalninja.android.AlarmService -> com.goalninja.android.AlarmService:
    java.text.SimpleDateFormat sdf -> a
    int id -> b
    java.lang.String title -> c
    java.lang.String category -> d
    java.lang.String schedule -> e
    java.lang.String freq_days -> f
    java.lang.String freq_time -> g
    java.util.Date date -> h
    java.util.Calendar alarmtime -> i
    java.util.Calendar nextCheckin -> j
    void onHandleIntent(android.content.Intent) -> onHandleIntent
com.goalninja.android.AlarmService$SaveAlarm -> com.goalninja.android.a:
    com.goalninja.android.AlarmService this$0 -> a
    java.lang.Void doInBackground(java.lang.Void[]) -> a
    void onPostExecute(java.lang.Void) -> a
    void onPostExecute(java.lang.Object) -> onPostExecute
    java.lang.Object doInBackground(java.lang.Object[]) -> doInBackground
com.goalninja.android.ArchiveAdapter -> com.goalninja.android.b:
    android.content.Context ctxt -> a
    java.util.ArrayList myList -> b
    java.lang.String schedule -> c
    java.lang.String category -> d
    android.widget.TextView title -> e
    android.widget.TextView start_string -> f
    android.widget.TextView date_string -> g
    android.widget.TextView date_text -> h
    java.text.SimpleDateFormat sdf -> i
    android.widget.RelativeLayout bg -> j
    android.widget.ImageView icon -> k
    int getCount() -> getCount
    android.view.View getView(int,android.view.View,android.view.ViewGroup) -> getView
    java.lang.Object getItem(int) -> getItem
    long getItemId(int) -> getItemId
com.goalninja.android.ArchivedGoal -> com.goalninja.android.ArchivedGoal:
    java.lang.String title -> a
    java.lang.String category -> b
    java.lang.String schedule -> c
    java.lang.String start_string -> d
    java.lang.String date_string -> e
    java.lang.String freq_days -> f
    java.lang.String freq_time -> g
    java.lang.String alarm_string -> h
    int id -> i
    int progress -> j
    android.widget.TextView archive_title -> k
    android.widget.TextView archive_start -> l
    android.widget.TextView archive_end -> m
    java.text.SimpleDateFormat sdf_db -> n
    java.text.SimpleDateFormat sdf -> o
    java.lang.String note -> p
    java.lang.String added_date_string -> q
    int goal_id -> r
    java.util.ArrayList NoteList -> s
    android.widget.ListView notes -> t
    java.util.Date added_date -> u
    com.goalninja.android.GoalProgAdapter progAdapter -> v
    java.util.Date start -> w
    java.util.Date date -> x
    android.database.sqlite.SQLiteDatabase db -> y
    com.goalninja.android.GoalDatabase dbSingleton -> z
    android.widget.RelativeLayout bg -> A
    void onCreate(android.os.Bundle) -> onCreate
    boolean onOptionsItemSelected(android.view.MenuItem) -> onOptionsItemSelected
com.goalninja.android.ArchivedGoal$GetArchiveGoal -> com.goalninja.android.c:
    com.goalninja.android.ArchivedGoal this$0 -> a
    java.lang.Void doInBackground(java.lang.Void[]) -> a
    void onPostExecute(java.lang.Void) -> a
    void onPostExecute(java.lang.Object) -> onPostExecute
    java.lang.Object doInBackground(java.lang.Object[]) -> doInBackground
...
android.support.v4.view.PagerTitleStripIcs -> android.support.v4.view.PagerTitleStripIcs:
    void setSingleLineAllCaps(android.widget.TextView) -> setSingleLineAllCaps
android.support.v4.view.PagerTitleStripIcs$SingleLineAllCapsTransform -> android.support.v4.view.PagerTitleStripIcs$SingleLineAllCapsTransform:
    java.lang.String TAG -> TAG
    java.util.Locale mLocale -> mLocale
    java.lang.CharSequence getTransformation(java.lang.CharSequence,android.view.View) -> getTransformation
android.support.v4.view.ScaleGestureDetectorCompat -> android.support.v4.view.ScaleGestureDetectorCompat:
    android.support.v4.view.ScaleGestureDetectorCompat$ScaleGestureDetectorImpl IMPL -> IMPL
    void setQuickScaleEnabled(java.lang.Object,boolean) -> setQuickScaleEnabled
    boolean isQuickScaleEnabled(java.lang.Object) -> isQuickScaleEnabled
android.support.v4.view.ScaleGestureDetectorCompat$1 -> android.support.v4.view.ScaleGestureDetectorCompat$1:
android.support.v4.view.ScaleGestureDetectorCompat$BaseScaleGestureDetectorImpl -> android.support.v4.view.ScaleGestureDetectorCompat$BaseScaleGestureDetectorImpl:
    void setQuickScaleEnabled(java.lang.Object,boolean) -> setQuickScaleEnabled
    boolean isQuickScaleEnabled(java.lang.Object) -> isQuickScaleEnabled
android.support.v4.view.ScaleGestureDetectorCompat$ScaleGestureDetectorCompatKitKatImpl -> android.support.v4.view.ScaleGestureDetectorCompat$ScaleGestureDetectorCompatKitKatImpl:
    void setQuickScaleEnabled(java.lang.Object,boolean) -> setQuickScaleEnabled
    boolean isQuickScaleEnabled(java.lang.Object) -> isQuickScaleEnabled
android.support.v4.view.ScaleGestureDetectorCompat$ScaleGestureDetectorImpl -> android.support.v4.view.ScaleGestureDetectorCompat$ScaleGestureDetectorImpl:
    void setQuickScaleEnabled(java.lang.Object,boolean) -> setQuickScaleEnabled
    boolean isQuickScaleEnabled(java.lang.Object) -> isQuickScaleEnabled
android.support.v4.view.ScaleGestureDetectorCompatKitKat -> android.support.v4.view.ScaleGestureDetectorCompatKitKat:
    void setQuickScaleEnabled(java.lang.Object,boolean) -> setQuickScaleEnabled
    boolean isQuickScaleEnabled(java.lang.Object) -> isQuickScaleEnabled
android.support.v4.view.VelocityTrackerCompat -> android.support.v4.view.VelocityTrackerCompat:
    android.support.v4.view.VelocityTrackerCompat$VelocityTrackerVersionImpl IMPL -> IMPL
    float getXVelocity(android.view.VelocityTracker,int) -> getXVelocity
    float getYVelocity(android.view.VelocityTracker,int) -> getYVelocity
android.support.v4.view.VelocityTrackerCompat$BaseVelocityTrackerVersionImpl -> android.support.v4.view.VelocityTrackerCompat$BaseVelocityTrackerVersionImpl:
    float getXVelocity(android.view.VelocityTracker,int) -> getXVelocity
    float getYVelocity(android.view.VelocityTracker,int) -> getYVelocity
android.support.v4.view.VelocityTrackerCompat$HoneycombVelocityTrackerVersionImpl -> android.support.v4.view.VelocityTrackerCompat$HoneycombVelocityTrackerVersionImpl:
    float getXVelocity(android.view.VelocityTracker,int) -> getXVelocity
    float getYVelocity(android.view.VelocityTracker,int) -> getYVelocity
android.support.v4.view.VelocityTrackerCompat$VelocityTrackerVersionImpl -> android.support.v4.view.VelocityTrackerCompat$VelocityTrackerVersionImpl:
    float getXVelocity(android.view.VelocityTracker,int) -> getXVelocity
    float getYVelocity(android.view.VelocityTracker,int) -> getYVelocity
android.support.v4.view.VelocityTrackerCompatHoneycomb -> android.support.v4.view.VelocityTrackerCompatHoneycomb:
    float getXVelocity(android.view.VelocityTracker,int) -> getXVelocity
    float getYVelocity(android.view.VelocityTracker,int) -> getYVelocity