proguard/usage.txt
com.goalninja.android.AlarmService:
    java.lang.String date_string
com.goalninja.android.ArchivedGoal:
    android.widget.TextView archive_category
com.goalninja.android.BuildConfig
com.goalninja.android.EditGoal:
    int progress
com.goalninja.android.Feed:
    26:27:public void setCategory(java.lang.String)
    34:35:public void setTitle(java.lang.String)
    58:59:public void setSchedule(java.lang.String)
    62:62:public int getAdded()
    66:67:public void setAdded(int)
com.goalninja.android.FeedAdapter:
    int pos
com.goalninja.android.GoalDatabase:
    private static final java.lang.String DB_NAME
    private static final int SCHEMA
    static final java.lang.String ID
    static final java.lang.String TITLE
    static final java.lang.String CATEGORY
    static final java.lang.String SCHEDULE
    static final java.lang.String START
    static final java.lang.String DATE
    static final java.lang.String FREQ_DAYS
    static final java.lang.String FREQ_TIME
    static final java.lang.String PROGRESS
    static final java.lang.String ALARM_TIME
    static final java.lang.String NEXT_CHECKIN
    static final java.lang.String GOAL_ID
    static final java.lang.String NOTE
    static final java.lang.String PROG_DATE
    android.content.Context ctxt
com.goalninja.android.GoalProgAdapter:
    java.lang.String start_date
    java.lang.String complete_date
    com.goalninja.android.Note rowItem
com.goalninja.android.MyGoal:
    38:39:public void setCategory(java.lang.String)
    46:47:public void setTitle(java.lang.String)
    55:56:public void setSchedule(java.lang.String)
    63:64:public void setStart(java.util.Date)
    71:72:public void setDate(java.util.Date)
    95:96:public void setProgress(int)
    119:120:public void setFeedId(int)
    127:128:public void setNextCheckin(java.util.Calendar)
com.goalninja.android.NewGoal:
    android.widget.Button cancel
com.goalninja.android.Note:
    23:24:public void setGoalID(int)
    31:32:public void setNote(java.lang.String)
    39:40:public void setDate(java.util.Date)
com.goalninja.android.R
com.goalninja.android.R$array
com.goalninja.android.R$attr
com.goalninja.android.R$bool
com.goalninja.android.R$color
com.goalninja.android.R$dimen
com.goalninja.android.R$drawable
com.goalninja.android.R$id
com.goalninja.android.R$integer
com.goalninja.android.R$layout
com.goalninja.android.R$menu
com.goalninja.android.R$string
com.goalninja.android.R$style
com.goalninja.android.R$styleable
com.goalninja.android.RowActivity:
    android.widget.Button cancel
    java.util.Calendar nextCheckin
    private static final java.lang.String TABLE_GOALS
    private static final java.lang.String TABLE_PROG
    private static final java.lang.String TABLE_FEED
    static final java.lang.String ID
    static final java.lang.String FEEDID
    static final java.lang.String TITLE
    static final java.lang.String CATEGORY
    static final java.lang.String SCHEDULE
    static final java.lang.String START
    static final java.lang.String DATE
    static final java.lang.String FREQ_DAYS
    static final java.lang.String FREQ_TIME
    static final java.lang.String PROGRESS
    static final java.lang.String ALARM_TIME
    static final java.lang.String NEXT_CHECKIN
    static final java.lang.String GOAL_ID
    static final java.lang.String NOTE
    static final java.lang.String PROG_DATE
    android.content.Context ctxt
com.goalninja.android.Settings:
    android.view.View mask
com.goalninja.android.Settings$TimePickerFragment:
    static final int MORN_TIME
    static final int AFT_TIME
    static final int EVE_TIME
    static final int NIGHT_TIME
com.goalninja.android.Tab1:
    int level
com.goalninja.android.Tab3
...
android.support.annotation.AnimRes
android.support.annotation.AnimatorRes
android.support.annotation.AnyRes
android.support.annotation.ArrayRes
android.support.annotation.AttrRes
android.support.annotation.BoolRes
android.support.annotation.ColorRes
android.support.annotation.DimenRes
android.support.annotation.DrawableRes
android.support.annotation.FractionRes
android.support.annotation.IdRes
android.support.annotation.IntDef
android.support.annotation.IntegerRes
android.support.annotation.InterpolatorRes
android.support.annotation.LayoutRes
android.support.annotation.MenuRes
android.support.annotation.NonNull
android.support.annotation.Nullable
android.support.annotation.PluralsRes
android.support.annotation.RawRes
android.support.annotation.StringDef
android.support.annotation.StringRes
android.support.annotation.StyleRes
android.support.annotation.StyleableRes
android.support.annotation.XmlRes